2021-08-08 00:00:08.246  INFO 10816 --- [SpringApplicationShutdownHook] j.LocalContainerEntityManagerFactoryBean : Closing JPA EntityManagerFactory for persistence unit 'default'
2021-08-08 00:00:08.251  INFO 10816 --- [SpringApplicationShutdownHook] com.zaxxer.hikari.HikariDataSource       : HikariPool-1 - Shutdown initiated...
2021-08-08 00:00:08.257  INFO 10816 --- [SpringApplicationShutdownHook] com.zaxxer.hikari.HikariDataSource       : HikariPool-1 - Shutdown completed.
2021-08-08 00:00:11.571  INFO 25360 --- [main] c.l.s.SpringBootAdvancedApplication      : Starting SpringBootAdvancedApplication using Java 14.0.1 on LeosPC with PID 25360 (C:\Users\hikar\git\springbootadvance\target\classes started by hikar in C:\Users\hikar\git\springbootadvance)
2021-08-08 00:00:11.575 DEBUG 25360 --- [main] c.l.s.SpringBootAdvancedApplication      : Running with Spring Boot v2.5.3, Spring v5.3.9
2021-08-08 00:00:11.575  INFO 25360 --- [main] c.l.s.SpringBootAdvancedApplication      : No active profile set, falling back to default profiles: default
2021-08-08 00:00:12.051  INFO 25360 --- [main] .s.d.r.c.RepositoryConfigurationDelegate : Bootstrapping Spring Data JPA repositories in DEFAULT mode.
2021-08-08 00:00:12.093  INFO 25360 --- [main] .s.d.r.c.RepositoryConfigurationDelegate : Finished Spring Data repository scanning in 36 ms. Found 2 JPA repository interfaces.
2021-08-08 00:00:12.448  INFO 25360 --- [main] o.s.b.w.embedded.tomcat.TomcatWebServer  : Tomcat initialized with port(s): 8080 (http)
2021-08-08 00:00:12.455  INFO 25360 --- [main] o.apache.catalina.core.StandardService   : Starting service [Tomcat]
2021-08-08 00:00:12.455  INFO 25360 --- [main] org.apache.catalina.core.StandardEngine  : Starting Servlet engine: [Apache Tomcat/9.0.50]
2021-08-08 00:00:12.532  INFO 25360 --- [main] o.a.c.c.C.[Tomcat].[localhost].[/]       : Initializing Spring embedded WebApplicationContext
2021-08-08 00:00:12.532  INFO 25360 --- [main] w.s.c.ServletWebServerApplicationContext : Root WebApplicationContext: initialization completed in 926 ms
2021-08-08 00:00:12.624  INFO 25360 --- [main] o.hibernate.jpa.internal.util.LogHelper  : HHH000204: Processing PersistenceUnitInfo [name: default]
2021-08-08 00:00:12.662  INFO 25360 --- [main] org.hibernate.Version                    : HHH000412: Hibernate ORM core version 5.4.32.Final
2021-08-08 00:00:12.740  INFO 25360 --- [main] o.hibernate.annotations.common.Version   : HCANN000001: Hibernate Commons Annotations {5.1.2.Final}
2021-08-08 00:00:12.806  INFO 25360 --- [main] com.zaxxer.hikari.HikariDataSource       : HikariPool-1 - Starting...
2021-08-08 00:00:13.035  INFO 25360 --- [main] com.zaxxer.hikari.HikariDataSource       : HikariPool-1 - Start completed.
2021-08-08 00:00:13.050  INFO 25360 --- [main] org.hibernate.dialect.Dialect            : HHH000400: Using dialect: org.hibernate.dialect.MySQL8Dialect
2021-08-08 00:00:13.464  INFO 25360 --- [main] o.h.e.t.j.p.i.JtaPlatformInitiator       : HHH000490: Using JtaPlatform implementation: [org.hibernate.engine.transaction.jta.platform.internal.NoJtaPlatform]
2021-08-08 00:00:13.472  INFO 25360 --- [main] j.LocalContainerEntityManagerFactoryBean : Initialized JPA EntityManagerFactory for persistence unit 'default'
2021-08-08 00:00:13.667  WARN 25360 --- [main] JpaBaseConfiguration$JpaWebConfiguration : spring.jpa.open-in-view is enabled by default. Therefore, database queries may be performed during view rendering. Explicitly configure spring.jpa.open-in-view to disable this warning
2021-08-08 00:00:13.898  INFO 25360 --- [main] o.s.b.w.embedded.tomcat.TomcatWebServer  : Tomcat started on port(s): 8080 (http) with context path ''
2021-08-08 00:00:13.906  INFO 25360 --- [main] c.l.s.SpringBootAdvancedApplication      : Started SpringBootAdvancedApplication in 2.661 seconds (JVM running for 3.098)
2021-08-08 00:00:17.238  INFO 25360 --- [http-nio-8080-exec-1] o.a.c.c.C.[Tomcat].[localhost].[/]       : Initializing Spring DispatcherServlet 'dispatcherServlet'
2021-08-08 00:00:17.239  INFO 25360 --- [http-nio-8080-exec-1] o.s.web.servlet.DispatcherServlet        : Initializing Servlet 'dispatcherServlet'
2021-08-08 00:00:17.239  INFO 25360 --- [http-nio-8080-exec-1] o.s.web.servlet.DispatcherServlet        : Completed initialization in 0 ms
2021-08-08 00:08:14.795  INFO 25360 --- [SpringApplicationShutdownHook] j.LocalContainerEntityManagerFactoryBean : Closing JPA EntityManagerFactory for persistence unit 'default'
2021-08-08 00:08:14.796  INFO 25360 --- [SpringApplicationShutdownHook] com.zaxxer.hikari.HikariDataSource       : HikariPool-1 - Shutdown initiated...
2021-08-08 00:08:14.802  INFO 25360 --- [SpringApplicationShutdownHook] com.zaxxer.hikari.HikariDataSource       : HikariPool-1 - Shutdown completed.
2021-08-08 00:08:17.715  INFO 9184 --- [main] c.l.s.SpringBootAdvancedApplication      : Starting SpringBootAdvancedApplication using Java 14.0.1 on LeosPC with PID 9184 (C:\Users\hikar\git\springbootadvance\target\classes started by hikar in C:\Users\hikar\git\springbootadvance)
2021-08-08 00:08:17.717 DEBUG 9184 --- [main] c.l.s.SpringBootAdvancedApplication      : Running with Spring Boot v2.5.3, Spring v5.3.9
2021-08-08 00:08:17.717  INFO 9184 --- [main] c.l.s.SpringBootAdvancedApplication      : No active profile set, falling back to default profiles: default
2021-08-08 00:08:18.199  INFO 9184 --- [main] .s.d.r.c.RepositoryConfigurationDelegate : Bootstrapping Spring Data JPA repositories in DEFAULT mode.
2021-08-08 00:08:18.243  INFO 9184 --- [main] .s.d.r.c.RepositoryConfigurationDelegate : Finished Spring Data repository scanning in 38 ms. Found 2 JPA repository interfaces.
2021-08-08 00:08:18.599  INFO 9184 --- [main] o.s.b.w.embedded.tomcat.TomcatWebServer  : Tomcat initialized with port(s): 8080 (http)
2021-08-08 00:08:18.606  INFO 9184 --- [main] o.apache.catalina.core.StandardService   : Starting service [Tomcat]
2021-08-08 00:08:18.607  INFO 9184 --- [main] org.apache.catalina.core.StandardEngine  : Starting Servlet engine: [Apache Tomcat/9.0.50]
2021-08-08 00:08:18.689  INFO 9184 --- [main] o.a.c.c.C.[Tomcat].[localhost].[/]       : Initializing Spring embedded WebApplicationContext
2021-08-08 00:08:18.690  INFO 9184 --- [main] w.s.c.ServletWebServerApplicationContext : Root WebApplicationContext: initialization completed in 939 ms
2021-08-08 00:08:18.786  INFO 9184 --- [main] o.hibernate.jpa.internal.util.LogHelper  : HHH000204: Processing PersistenceUnitInfo [name: default]
2021-08-08 00:08:18.820  INFO 9184 --- [main] org.hibernate.Version                    : HHH000412: Hibernate ORM core version 5.4.32.Final
2021-08-08 00:08:18.900  INFO 9184 --- [main] o.hibernate.annotations.common.Version   : HCANN000001: Hibernate Commons Annotations {5.1.2.Final}
2021-08-08 00:08:18.968  INFO 9184 --- [main] com.zaxxer.hikari.HikariDataSource       : HikariPool-1 - Starting...
2021-08-08 00:08:19.196  INFO 9184 --- [main] com.zaxxer.hikari.HikariDataSource       : HikariPool-1 - Start completed.
2021-08-08 00:08:19.212  INFO 9184 --- [main] org.hibernate.dialect.Dialect            : HHH000400: Using dialect: org.hibernate.dialect.MySQL8Dialect
2021-08-08 00:08:19.648  INFO 9184 --- [main] o.h.e.t.j.p.i.JtaPlatformInitiator       : HHH000490: Using JtaPlatform implementation: [org.hibernate.engine.transaction.jta.platform.internal.NoJtaPlatform]
2021-08-08 00:08:19.656  INFO 9184 --- [main] j.LocalContainerEntityManagerFactoryBean : Initialized JPA EntityManagerFactory for persistence unit 'default'
2021-08-08 00:08:19.860  WARN 9184 --- [main] JpaBaseConfiguration$JpaWebConfiguration : spring.jpa.open-in-view is enabled by default. Therefore, database queries may be performed during view rendering. Explicitly configure spring.jpa.open-in-view to disable this warning
2021-08-08 00:08:20.095  INFO 9184 --- [main] o.s.b.w.embedded.tomcat.TomcatWebServer  : Tomcat started on port(s): 8080 (http) with context path ''
2021-08-08 00:08:20.103  INFO 9184 --- [main] c.l.s.SpringBootAdvancedApplication      : Started SpringBootAdvancedApplication in 2.696 seconds (JVM running for 3.157)
2021-08-08 00:08:23.228  INFO 9184 --- [http-nio-8080-exec-2] o.a.c.c.C.[Tomcat].[localhost].[/]       : Initializing Spring DispatcherServlet 'dispatcherServlet'
2021-08-08 00:08:23.228  INFO 9184 --- [http-nio-8080-exec-2] o.s.web.servlet.DispatcherServlet        : Initializing Servlet 'dispatcherServlet'
2021-08-08 00:08:23.229  INFO 9184 --- [http-nio-8080-exec-2] o.s.web.servlet.DispatcherServlet        : Completed initialization in 0 ms
2021-08-08 00:08:23.282 ERROR 9184 --- [http-nio-8080-exec-2] o.a.c.c.C.[.[.[/].[dispatcherServlet]    : Servlet.service() for servlet [dispatcherServlet] in context with path [] threw exception [Request processing failed; nested exception is java.util.NoSuchElementException: No value present] with root cause

java.util.NoSuchElementException: No value present
	at java.base/java.util.Optional.get(Optional.java:141) ~[na:na]
	at com.leo.springbootadvanced.service.BookServiceImpl.getBookById(BookServiceImpl.java:23) ~[classes/:na]
	at com.leo.springbootadvanced.web.BookController.getBook(BookController.java:25) ~[classes/:na]
	at java.base/jdk.internal.reflect.NativeMethodAccessorImpl.invoke0(Native Method) ~[na:na]
	at java.base/jdk.internal.reflect.NativeMethodAccessorImpl.invoke(NativeMethodAccessorImpl.java:62) ~[na:na]
	at java.base/jdk.internal.reflect.DelegatingMethodAccessorImpl.invoke(DelegatingMethodAccessorImpl.java:43) ~[na:na]
	at java.base/java.lang.reflect.Method.invoke(Method.java:564) ~[na:na]
	at org.springframework.web.method.support.InvocableHandlerMethod.doInvoke(InvocableHandlerMethod.java:197) ~[spring-web-5.3.9.jar:5.3.9]
	at org.springframework.web.method.support.InvocableHandlerMethod.invokeForRequest(InvocableHandlerMethod.java:141) ~[spring-web-5.3.9.jar:5.3.9]
	at org.springframework.web.servlet.mvc.method.annotation.ServletInvocableHandlerMethod.invokeAndHandle(ServletInvocableHandlerMethod.java:106) ~[spring-webmvc-5.3.9.jar:5.3.9]
	at org.springframework.web.servlet.mvc.method.annotation.RequestMappingHandlerAdapter.invokeHandlerMethod(RequestMappingHandlerAdapter.java:895) ~[spring-webmvc-5.3.9.jar:5.3.9]
	at org.springframework.web.servlet.mvc.method.annotation.RequestMappingHandlerAdapter.handleInternal(RequestMappingHandlerAdapter.java:808) ~[spring-webmvc-5.3.9.jar:5.3.9]
	at org.springframework.web.servlet.mvc.method.AbstractHandlerMethodAdapter.handle(AbstractHandlerMethodAdapter.java:87) ~[spring-webmvc-5.3.9.jar:5.3.9]
	at org.springframework.web.servlet.DispatcherServlet.doDispatch(DispatcherServlet.java:1064) ~[spring-webmvc-5.3.9.jar:5.3.9]
	at org.springframework.web.servlet.DispatcherServlet.doService(DispatcherServlet.java:963) ~[spring-webmvc-5.3.9.jar:5.3.9]
	at org.springframework.web.servlet.FrameworkServlet.processRequest(FrameworkServlet.java:1006) ~[spring-webmvc-5.3.9.jar:5.3.9]
	at org.springframework.web.servlet.FrameworkServlet.doGet(FrameworkServlet.java:898) ~[spring-webmvc-5.3.9.jar:5.3.9]
	at javax.servlet.http.HttpServlet.service(HttpServlet.java:655) ~[tomcat-embed-core-9.0.50.jar:4.0.FR]
	at org.springframework.web.servlet.FrameworkServlet.service(FrameworkServlet.java:883) ~[spring-webmvc-5.3.9.jar:5.3.9]
	at javax.servlet.http.HttpServlet.service(HttpServlet.java:764) ~[tomcat-embed-core-9.0.50.jar:4.0.FR]
	at org.apache.catalina.core.ApplicationFilterChain.internalDoFilter(ApplicationFilterChain.java:228) ~[tomcat-embed-core-9.0.50.jar:9.0.50]
	at org.apache.catalina.core.ApplicationFilterChain.doFilter(ApplicationFilterChain.java:163) ~[tomcat-embed-core-9.0.50.jar:9.0.50]
	at org.apache.tomcat.websocket.server.WsFilter.doFilter(WsFilter.java:53) ~[tomcat-embed-websocket-9.0.50.jar:9.0.50]
	at org.apache.catalina.core.ApplicationFilterChain.internalDoFilter(ApplicationFilterChain.java:190) ~[tomcat-embed-core-9.0.50.jar:9.0.50]
	at org.apache.catalina.core.ApplicationFilterChain.doFilter(ApplicationFilterChain.java:163) ~[tomcat-embed-core-9.0.50.jar:9.0.50]
	at org.springframework.web.filter.RequestContextFilter.doFilterInternal(RequestContextFilter.java:100) ~[spring-web-5.3.9.jar:5.3.9]
	at org.springframework.web.filter.OncePerRequestFilter.doFilter(OncePerRequestFilter.java:119) ~[spring-web-5.3.9.jar:5.3.9]
	at org.apache.catalina.core.ApplicationFilterChain.internalDoFilter(ApplicationFilterChain.java:190) ~[tomcat-embed-core-9.0.50.jar:9.0.50]
	at org.apache.catalina.core.ApplicationFilterChain.doFilter(ApplicationFilterChain.java:163) ~[tomcat-embed-core-9.0.50.jar:9.0.50]
	at org.springframework.web.filter.FormContentFilter.doFilterInternal(FormContentFilter.java:93) ~[spring-web-5.3.9.jar:5.3.9]
	at org.springframework.web.filter.OncePerRequestFilter.doFilter(OncePerRequestFilter.java:119) ~[spring-web-5.3.9.jar:5.3.9]
	at org.apache.catalina.core.ApplicationFilterChain.internalDoFilter(ApplicationFilterChain.java:190) ~[tomcat-embed-core-9.0.50.jar:9.0.50]
	at org.apache.catalina.core.ApplicationFilterChain.doFilter(ApplicationFilterChain.java:163) ~[tomcat-embed-core-9.0.50.jar:9.0.50]
	at org.springframework.web.filter.CharacterEncodingFilter.doFilterInternal(CharacterEncodingFilter.java:201) ~[spring-web-5.3.9.jar:5.3.9]
	at org.springframework.web.filter.OncePerRequestFilter.doFilter(OncePerRequestFilter.java:119) ~[spring-web-5.3.9.jar:5.3.9]
	at org.apache.catalina.core.ApplicationFilterChain.internalDoFilter(ApplicationFilterChain.java:190) ~[tomcat-embed-core-9.0.50.jar:9.0.50]
	at org.apache.catalina.core.ApplicationFilterChain.doFilter(ApplicationFilterChain.java:163) ~[tomcat-embed-core-9.0.50.jar:9.0.50]
	at org.apache.catalina.core.StandardWrapperValve.invoke(StandardWrapperValve.java:202) ~[tomcat-embed-core-9.0.50.jar:9.0.50]
	at org.apache.catalina.core.StandardContextValve.invoke(StandardContextValve.java:97) ~[tomcat-embed-core-9.0.50.jar:9.0.50]
	at org.apache.catalina.authenticator.AuthenticatorBase.invoke(AuthenticatorBase.java:542) ~[tomcat-embed-core-9.0.50.jar:9.0.50]
	at org.apache.catalina.core.StandardHostValve.invoke(StandardHostValve.java:143) ~[tomcat-embed-core-9.0.50.jar:9.0.50]
	at org.apache.catalina.valves.ErrorReportValve.invoke(ErrorReportValve.java:92) ~[tomcat-embed-core-9.0.50.jar:9.0.50]
	at org.apache.catalina.core.StandardEngineValve.invoke(StandardEngineValve.java:78) ~[tomcat-embed-core-9.0.50.jar:9.0.50]
	at org.apache.catalina.connector.CoyoteAdapter.service(CoyoteAdapter.java:357) ~[tomcat-embed-core-9.0.50.jar:9.0.50]
	at org.apache.coyote.http11.Http11Processor.service(Http11Processor.java:382) ~[tomcat-embed-core-9.0.50.jar:9.0.50]
	at org.apache.coyote.AbstractProcessorLight.process(AbstractProcessorLight.java:65) ~[tomcat-embed-core-9.0.50.jar:9.0.50]
	at org.apache.coyote.AbstractProtocol$ConnectionHandler.process(AbstractProtocol.java:893) ~[tomcat-embed-core-9.0.50.jar:9.0.50]
	at org.apache.tomcat.util.net.NioEndpoint$SocketProcessor.doRun(NioEndpoint.java:1723) ~[tomcat-embed-core-9.0.50.jar:9.0.50]
	at org.apache.tomcat.util.net.SocketProcessorBase.run(SocketProcessorBase.java:49) ~[tomcat-embed-core-9.0.50.jar:9.0.50]
	at java.base/java.util.concurrent.ThreadPoolExecutor.runWorker(ThreadPoolExecutor.java:1130) ~[na:na]
	at java.base/java.util.concurrent.ThreadPoolExecutor$Worker.run(ThreadPoolExecutor.java:630) ~[na:na]
	at org.apache.tomcat.util.threads.TaskThread$WrappingRunnable.run(TaskThread.java:61) ~[tomcat-embed-core-9.0.50.jar:9.0.50]
	at java.base/java.lang.Thread.run(Thread.java:832) ~[na:na]

2021-08-08 00:09:41.566  INFO 9184 --- [SpringApplicationShutdownHook] j.LocalContainerEntityManagerFactoryBean : Closing JPA EntityManagerFactory for persistence unit 'default'
2021-08-08 00:09:41.567  INFO 9184 --- [SpringApplicationShutdownHook] com.zaxxer.hikari.HikariDataSource       : HikariPool-1 - Shutdown initiated...
2021-08-08 00:09:41.573  INFO 9184 --- [SpringApplicationShutdownHook] com.zaxxer.hikari.HikariDataSource       : HikariPool-1 - Shutdown completed.
2021-08-08 00:09:44.685  INFO 12240 --- [main] c.l.s.SpringBootAdvancedApplication      : Starting SpringBootAdvancedApplication using Java 14.0.1 on LeosPC with PID 12240 (C:\Users\hikar\git\springbootadvance\target\classes started by hikar in C:\Users\hikar\git\springbootadvance)
2021-08-08 00:09:44.687 DEBUG 12240 --- [main] c.l.s.SpringBootAdvancedApplication      : Running with Spring Boot v2.5.3, Spring v5.3.9
2021-08-08 00:09:44.687  INFO 12240 --- [main] c.l.s.SpringBootAdvancedApplication      : No active profile set, falling back to default profiles: default
2021-08-08 00:09:45.153  INFO 12240 --- [main] .s.d.r.c.RepositoryConfigurationDelegate : Bootstrapping Spring Data JPA repositories in DEFAULT mode.
2021-08-08 00:09:45.195  INFO 12240 --- [main] .s.d.r.c.RepositoryConfigurationDelegate : Finished Spring Data repository scanning in 35 ms. Found 2 JPA repository interfaces.
2021-08-08 00:09:45.547  INFO 12240 --- [main] o.s.b.w.embedded.tomcat.TomcatWebServer  : Tomcat initialized with port(s): 8080 (http)
2021-08-08 00:09:45.560  INFO 12240 --- [main] o.apache.catalina.core.StandardService   : Starting service [Tomcat]
2021-08-08 00:09:45.560  INFO 12240 --- [main] org.apache.catalina.core.StandardEngine  : Starting Servlet engine: [Apache Tomcat/9.0.50]
2021-08-08 00:09:45.643  INFO 12240 --- [main] o.a.c.c.C.[Tomcat].[localhost].[/]       : Initializing Spring embedded WebApplicationContext
2021-08-08 00:09:45.643  INFO 12240 --- [main] w.s.c.ServletWebServerApplicationContext : Root WebApplicationContext: initialization completed in 924 ms
2021-08-08 00:09:45.740  INFO 12240 --- [main] o.hibernate.jpa.internal.util.LogHelper  : HHH000204: Processing PersistenceUnitInfo [name: default]
2021-08-08 00:09:45.778  INFO 12240 --- [main] org.hibernate.Version                    : HHH000412: Hibernate ORM core version 5.4.32.Final
2021-08-08 00:09:45.852  INFO 12240 --- [main] o.hibernate.annotations.common.Version   : HCANN000001: Hibernate Commons Annotations {5.1.2.Final}
2021-08-08 00:09:45.919  INFO 12240 --- [main] com.zaxxer.hikari.HikariDataSource       : HikariPool-1 - Starting...
2021-08-08 00:09:46.151  INFO 12240 --- [main] com.zaxxer.hikari.HikariDataSource       : HikariPool-1 - Start completed.
2021-08-08 00:09:46.166  INFO 12240 --- [main] org.hibernate.dialect.Dialect            : HHH000400: Using dialect: org.hibernate.dialect.MySQL8Dialect
2021-08-08 00:09:46.576  INFO 12240 --- [main] o.h.e.t.j.p.i.JtaPlatformInitiator       : HHH000490: Using JtaPlatform implementation: [org.hibernate.engine.transaction.jta.platform.internal.NoJtaPlatform]
2021-08-08 00:09:46.583  INFO 12240 --- [main] j.LocalContainerEntityManagerFactoryBean : Initialized JPA EntityManagerFactory for persistence unit 'default'
2021-08-08 00:09:46.779  WARN 12240 --- [main] JpaBaseConfiguration$JpaWebConfiguration : spring.jpa.open-in-view is enabled by default. Therefore, database queries may be performed during view rendering. Explicitly configure spring.jpa.open-in-view to disable this warning
2021-08-08 00:09:47.016  INFO 12240 --- [main] o.s.b.w.embedded.tomcat.TomcatWebServer  : Tomcat started on port(s): 8080 (http) with context path ''
2021-08-08 00:09:47.024  INFO 12240 --- [main] c.l.s.SpringBootAdvancedApplication      : Started SpringBootAdvancedApplication in 2.641 seconds (JVM running for 3.132)
2021-08-08 00:09:50.455  INFO 12240 --- [http-nio-8080-exec-1] o.a.c.c.C.[Tomcat].[localhost].[/]       : Initializing Spring DispatcherServlet 'dispatcherServlet'
2021-08-08 00:09:50.455  INFO 12240 --- [http-nio-8080-exec-1] o.s.web.servlet.DispatcherServlet        : Initializing Servlet 'dispatcherServlet'
2021-08-08 00:09:50.456  INFO 12240 --- [http-nio-8080-exec-1] o.s.web.servlet.DispatcherServlet        : Completed initialization in 1 ms
2021-08-08 00:16:14.340  INFO 12240 --- [SpringApplicationShutdownHook] j.LocalContainerEntityManagerFactoryBean : Closing JPA EntityManagerFactory for persistence unit 'default'
2021-08-08 00:16:14.342  INFO 12240 --- [SpringApplicationShutdownHook] com.zaxxer.hikari.HikariDataSource       : HikariPool-1 - Shutdown initiated...
2021-08-08 00:16:14.348  INFO 12240 --- [SpringApplicationShutdownHook] com.zaxxer.hikari.HikariDataSource       : HikariPool-1 - Shutdown completed.
2021-08-08 11:25:34.472  INFO 13484 --- [main] c.l.s.SpringBootAdvancedApplication      : Starting SpringBootAdvancedApplication using Java 14.0.1 on LeosPC with PID 13484 (C:\Users\hikar\git\springbootadvance\target\classes started by hikar in C:\Users\hikar\git\springbootadvance)
2021-08-08 11:25:34.474 DEBUG 13484 --- [main] c.l.s.SpringBootAdvancedApplication      : Running with Spring Boot v2.5.3, Spring v5.3.9
2021-08-08 11:25:34.474  INFO 13484 --- [main] c.l.s.SpringBootAdvancedApplication      : No active profile set, falling back to default profiles: default
2021-08-08 11:25:34.997  INFO 13484 --- [main] .s.d.r.c.RepositoryConfigurationDelegate : Bootstrapping Spring Data JPA repositories in DEFAULT mode.
2021-08-08 11:25:35.047  INFO 13484 --- [main] .s.d.r.c.RepositoryConfigurationDelegate : Finished Spring Data repository scanning in 41 ms. Found 2 JPA repository interfaces.
2021-08-08 11:25:35.447  INFO 13484 --- [main] o.s.b.w.embedded.tomcat.TomcatWebServer  : Tomcat initialized with port(s): 8080 (http)
2021-08-08 11:25:35.454  INFO 13484 --- [main] o.apache.catalina.core.StandardService   : Starting service [Tomcat]
2021-08-08 11:25:35.454  INFO 13484 --- [main] org.apache.catalina.core.StandardEngine  : Starting Servlet engine: [Apache Tomcat/9.0.50]
2021-08-08 11:25:35.537  INFO 13484 --- [main] o.a.c.c.C.[Tomcat].[localhost].[/]       : Initializing Spring embedded WebApplicationContext
2021-08-08 11:25:35.537  INFO 13484 --- [main] w.s.c.ServletWebServerApplicationContext : Root WebApplicationContext: initialization completed in 1032 ms
2021-08-08 11:25:35.640  INFO 13484 --- [main] o.hibernate.jpa.internal.util.LogHelper  : HHH000204: Processing PersistenceUnitInfo [name: default]
2021-08-08 11:25:35.684  INFO 13484 --- [main] org.hibernate.Version                    : HHH000412: Hibernate ORM core version 5.4.32.Final
2021-08-08 11:25:35.792  INFO 13484 --- [main] o.hibernate.annotations.common.Version   : HCANN000001: Hibernate Commons Annotations {5.1.2.Final}
2021-08-08 11:25:35.872  INFO 13484 --- [main] com.zaxxer.hikari.HikariDataSource       : HikariPool-1 - Starting...
2021-08-08 11:25:36.132  INFO 13484 --- [main] com.zaxxer.hikari.HikariDataSource       : HikariPool-1 - Start completed.
2021-08-08 11:25:36.149  INFO 13484 --- [main] org.hibernate.dialect.Dialect            : HHH000400: Using dialect: org.hibernate.dialect.MySQL8Dialect
2021-08-08 11:25:36.657  INFO 13484 --- [main] o.h.e.t.j.p.i.JtaPlatformInitiator       : HHH000490: Using JtaPlatform implementation: [org.hibernate.engine.transaction.jta.platform.internal.NoJtaPlatform]
2021-08-08 11:25:36.663  INFO 13484 --- [main] j.LocalContainerEntityManagerFactoryBean : Initialized JPA EntityManagerFactory for persistence unit 'default'
2021-08-08 11:25:36.877  WARN 13484 --- [main] JpaBaseConfiguration$JpaWebConfiguration : spring.jpa.open-in-view is enabled by default. Therefore, database queries may be performed during view rendering. Explicitly configure spring.jpa.open-in-view to disable this warning
2021-08-08 11:25:37.143  INFO 13484 --- [main] o.s.b.w.embedded.tomcat.TomcatWebServer  : Tomcat started on port(s): 8080 (http) with context path ''
2021-08-08 11:25:37.151  INFO 13484 --- [main] c.l.s.SpringBootAdvancedApplication      : Started SpringBootAdvancedApplication in 3.025 seconds (JVM running for 3.563)
2021-08-08 11:25:45.031  INFO 13484 --- [http-nio-8080-exec-1] o.a.c.c.C.[Tomcat].[localhost].[/]       : Initializing Spring DispatcherServlet 'dispatcherServlet'
2021-08-08 11:25:45.031  INFO 13484 --- [http-nio-8080-exec-1] o.s.web.servlet.DispatcherServlet        : Initializing Servlet 'dispatcherServlet'
2021-08-08 11:25:45.032  INFO 13484 --- [http-nio-8080-exec-1] o.s.web.servlet.DispatcherServlet        : Completed initialization in 1 ms
2021-08-08 11:25:48.971 ERROR 13484 --- [http-nio-8080-exec-6] c.l.s.web.BookController                 : Request URL: http://127.0.0.1:8080/books/14546 , Exception: 書單信息不存在
2021-08-08 11:28:17.558  INFO 13484 --- [SpringApplicationShutdownHook] j.LocalContainerEntityManagerFactoryBean : Closing JPA EntityManagerFactory for persistence unit 'default'
2021-08-08 11:28:17.560  INFO 13484 --- [SpringApplicationShutdownHook] com.zaxxer.hikari.HikariDataSource       : HikariPool-1 - Shutdown initiated...
2021-08-08 11:28:17.566  INFO 13484 --- [SpringApplicationShutdownHook] com.zaxxer.hikari.HikariDataSource       : HikariPool-1 - Shutdown completed.
2021-08-08 11:28:20.503  INFO 11240 --- [main] c.l.s.SpringBootAdvancedApplication      : Starting SpringBootAdvancedApplication using Java 14.0.1 on LeosPC with PID 11240 (C:\Users\hikar\git\springbootadvance\target\classes started by hikar in C:\Users\hikar\git\springbootadvance)
2021-08-08 11:28:20.504 DEBUG 11240 --- [main] c.l.s.SpringBootAdvancedApplication      : Running with Spring Boot v2.5.3, Spring v5.3.9
2021-08-08 11:28:20.504  INFO 11240 --- [main] c.l.s.SpringBootAdvancedApplication      : No active profile set, falling back to default profiles: default
2021-08-08 11:28:20.972  INFO 11240 --- [main] .s.d.r.c.RepositoryConfigurationDelegate : Bootstrapping Spring Data JPA repositories in DEFAULT mode.
2021-08-08 11:28:21.015  INFO 11240 --- [main] .s.d.r.c.RepositoryConfigurationDelegate : Finished Spring Data repository scanning in 36 ms. Found 2 JPA repository interfaces.
2021-08-08 11:28:21.354  INFO 11240 --- [main] o.s.b.w.embedded.tomcat.TomcatWebServer  : Tomcat initialized with port(s): 8080 (http)
2021-08-08 11:28:21.361  INFO 11240 --- [main] o.apache.catalina.core.StandardService   : Starting service [Tomcat]
2021-08-08 11:28:21.361  INFO 11240 --- [main] org.apache.catalina.core.StandardEngine  : Starting Servlet engine: [Apache Tomcat/9.0.50]
2021-08-08 11:28:21.437  INFO 11240 --- [main] o.a.c.c.C.[Tomcat].[localhost].[/]       : Initializing Spring embedded WebApplicationContext
2021-08-08 11:28:21.437  INFO 11240 --- [main] w.s.c.ServletWebServerApplicationContext : Root WebApplicationContext: initialization completed in 902 ms
2021-08-08 11:28:21.531  INFO 11240 --- [main] o.hibernate.jpa.internal.util.LogHelper  : HHH000204: Processing PersistenceUnitInfo [name: default]
2021-08-08 11:28:21.564  INFO 11240 --- [main] org.hibernate.Version                    : HHH000412: Hibernate ORM core version 5.4.32.Final
2021-08-08 11:28:21.647  INFO 11240 --- [main] o.hibernate.annotations.common.Version   : HCANN000001: Hibernate Commons Annotations {5.1.2.Final}
2021-08-08 11:28:21.715  INFO 11240 --- [main] com.zaxxer.hikari.HikariDataSource       : HikariPool-1 - Starting...
2021-08-08 11:28:21.948  INFO 11240 --- [main] com.zaxxer.hikari.HikariDataSource       : HikariPool-1 - Start completed.
2021-08-08 11:28:21.963  INFO 11240 --- [main] org.hibernate.dialect.Dialect            : HHH000400: Using dialect: org.hibernate.dialect.MySQL8Dialect
2021-08-08 11:28:22.388  INFO 11240 --- [main] o.h.e.t.j.p.i.JtaPlatformInitiator       : HHH000490: Using JtaPlatform implementation: [org.hibernate.engine.transaction.jta.platform.internal.NoJtaPlatform]
2021-08-08 11:28:22.395  INFO 11240 --- [main] j.LocalContainerEntityManagerFactoryBean : Initialized JPA EntityManagerFactory for persistence unit 'default'
2021-08-08 11:28:22.599  WARN 11240 --- [main] JpaBaseConfiguration$JpaWebConfiguration : spring.jpa.open-in-view is enabled by default. Therefore, database queries may be performed during view rendering. Explicitly configure spring.jpa.open-in-view to disable this warning
2021-08-08 11:28:22.856  INFO 11240 --- [main] o.s.b.w.embedded.tomcat.TomcatWebServer  : Tomcat started on port(s): 8080 (http) with context path ''
2021-08-08 11:28:22.865  INFO 11240 --- [main] c.l.s.SpringBootAdvancedApplication      : Started SpringBootAdvancedApplication in 2.666 seconds (JVM running for 3.111)
2021-08-08 11:28:25.644  INFO 11240 --- [http-nio-8080-exec-1] o.a.c.c.C.[Tomcat].[localhost].[/]       : Initializing Spring DispatcherServlet 'dispatcherServlet'
2021-08-08 11:28:25.644  INFO 11240 --- [http-nio-8080-exec-1] o.s.web.servlet.DispatcherServlet        : Initializing Servlet 'dispatcherServlet'
2021-08-08 11:28:25.645  INFO 11240 --- [http-nio-8080-exec-1] o.s.web.servlet.DispatcherServlet        : Completed initialization in 1 ms
2021-08-08 11:28:25.691 ERROR 11240 --- [http-nio-8080-exec-1] c.l.s.web.BookController                 : Request URL: http://127.0.0.1:8080/books/14546 , Exception: 書單信息不存在
2021-08-08 11:47:27.781  INFO 11240 --- [SpringApplicationShutdownHook] j.LocalContainerEntityManagerFactoryBean : Closing JPA EntityManagerFactory for persistence unit 'default'
2021-08-08 11:47:27.784  INFO 11240 --- [SpringApplicationShutdownHook] com.zaxxer.hikari.HikariDataSource       : HikariPool-1 - Shutdown initiated...
2021-08-08 11:47:27.791  INFO 11240 --- [SpringApplicationShutdownHook] com.zaxxer.hikari.HikariDataSource       : HikariPool-1 - Shutdown completed.
2021-08-08 11:47:30.934  INFO 24152 --- [main] c.l.s.SpringBootAdvancedApplication      : Starting SpringBootAdvancedApplication using Java 14.0.1 on LeosPC with PID 24152 (C:\Users\hikar\git\springbootadvance\target\classes started by hikar in C:\Users\hikar\git\springbootadvance)
2021-08-08 11:47:30.936 DEBUG 24152 --- [main] c.l.s.SpringBootAdvancedApplication      : Running with Spring Boot v2.5.3, Spring v5.3.9
2021-08-08 11:47:30.937  INFO 24152 --- [main] c.l.s.SpringBootAdvancedApplication      : No active profile set, falling back to default profiles: default
2021-08-08 11:47:31.450  INFO 24152 --- [main] .s.d.r.c.RepositoryConfigurationDelegate : Bootstrapping Spring Data JPA repositories in DEFAULT mode.
2021-08-08 11:47:31.493  INFO 24152 --- [main] .s.d.r.c.RepositoryConfigurationDelegate : Finished Spring Data repository scanning in 37 ms. Found 2 JPA repository interfaces.
2021-08-08 11:47:31.846  INFO 24152 --- [main] o.s.b.w.embedded.tomcat.TomcatWebServer  : Tomcat initialized with port(s): 8080 (http)
2021-08-08 11:47:31.853  INFO 24152 --- [main] o.apache.catalina.core.StandardService   : Starting service [Tomcat]
2021-08-08 11:47:31.853  INFO 24152 --- [main] org.apache.catalina.core.StandardEngine  : Starting Servlet engine: [Apache Tomcat/9.0.50]
2021-08-08 11:47:31.929  INFO 24152 --- [main] o.a.c.c.C.[Tomcat].[localhost].[/]       : Initializing Spring embedded WebApplicationContext
2021-08-08 11:47:31.929  INFO 24152 --- [main] w.s.c.ServletWebServerApplicationContext : Root WebApplicationContext: initialization completed in 952 ms
2021-08-08 11:47:32.024  INFO 24152 --- [main] o.hibernate.jpa.internal.util.LogHelper  : HHH000204: Processing PersistenceUnitInfo [name: default]
2021-08-08 11:47:32.059  INFO 24152 --- [main] org.hibernate.Version                    : HHH000412: Hibernate ORM core version 5.4.32.Final
2021-08-08 11:47:32.141  INFO 24152 --- [main] o.hibernate.annotations.common.Version   : HCANN000001: Hibernate Commons Annotations {5.1.2.Final}
2021-08-08 11:47:32.207  INFO 24152 --- [main] com.zaxxer.hikari.HikariDataSource       : HikariPool-1 - Starting...
2021-08-08 11:47:32.434  INFO 24152 --- [main] com.zaxxer.hikari.HikariDataSource       : HikariPool-1 - Start completed.
2021-08-08 11:47:32.448  INFO 24152 --- [main] org.hibernate.dialect.Dialect            : HHH000400: Using dialect: org.hibernate.dialect.MySQL8Dialect
2021-08-08 11:47:32.866  INFO 24152 --- [main] o.h.e.t.j.p.i.JtaPlatformInitiator       : HHH000490: Using JtaPlatform implementation: [org.hibernate.engine.transaction.jta.platform.internal.NoJtaPlatform]
2021-08-08 11:47:32.873  INFO 24152 --- [main] j.LocalContainerEntityManagerFactoryBean : Initialized JPA EntityManagerFactory for persistence unit 'default'
2021-08-08 11:47:33.075  WARN 24152 --- [main] JpaBaseConfiguration$JpaWebConfiguration : spring.jpa.open-in-view is enabled by default. Therefore, database queries may be performed during view rendering. Explicitly configure spring.jpa.open-in-view to disable this warning
2021-08-08 11:47:33.315  INFO 24152 --- [main] o.s.b.w.embedded.tomcat.TomcatWebServer  : Tomcat started on port(s): 8080 (http) with context path ''
2021-08-08 11:47:33.324  INFO 24152 --- [main] c.l.s.SpringBootAdvancedApplication      : Started SpringBootAdvancedApplication in 2.708 seconds (JVM running for 3.173)
2021-08-08 11:47:38.303  INFO 24152 --- [http-nio-8080-exec-1] o.a.c.c.C.[Tomcat].[localhost].[/]       : Initializing Spring DispatcherServlet 'dispatcherServlet'
2021-08-08 11:47:38.303  INFO 24152 --- [http-nio-8080-exec-1] o.s.web.servlet.DispatcherServlet        : Initializing Servlet 'dispatcherServlet'
2021-08-08 11:47:38.304  INFO 24152 --- [http-nio-8080-exec-1] o.s.web.servlet.DispatcherServlet        : Completed initialization in 0 ms
2021-08-08 11:47:38.351 ERROR 24152 --- [http-nio-8080-exec-1] c.l.s.h.ControllerExceptionHandler       : Request URL: http://127.0.0.1:8080/books/14546 , Exception: 書單信息不存在
2021-08-08 11:48:12.068 ERROR 24152 --- [http-nio-8080-exec-4] c.l.s.h.ControllerExceptionHandler       : Request URL: http://127.0.0.1:8080/exception , Exception: null
2021-08-08 11:49:04.367  INFO 24152 --- [SpringApplicationShutdownHook] j.LocalContainerEntityManagerFactoryBean : Closing JPA EntityManagerFactory for persistence unit 'default'
2021-08-08 11:49:04.369  INFO 24152 --- [SpringApplicationShutdownHook] com.zaxxer.hikari.HikariDataSource       : HikariPool-1 - Shutdown initiated...
2021-08-08 11:49:04.376  INFO 24152 --- [SpringApplicationShutdownHook] com.zaxxer.hikari.HikariDataSource       : HikariPool-1 - Shutdown completed.
2021-08-08 11:49:07.372  INFO 25016 --- [main] c.l.s.SpringBootAdvancedApplication      : Starting SpringBootAdvancedApplication using Java 14.0.1 on LeosPC with PID 25016 (C:\Users\hikar\git\springbootadvance\target\classes started by hikar in C:\Users\hikar\git\springbootadvance)
2021-08-08 11:49:07.373 DEBUG 25016 --- [main] c.l.s.SpringBootAdvancedApplication      : Running with Spring Boot v2.5.3, Spring v5.3.9
2021-08-08 11:49:07.374  INFO 25016 --- [main] c.l.s.SpringBootAdvancedApplication      : No active profile set, falling back to default profiles: default
2021-08-08 11:49:07.869  INFO 25016 --- [main] .s.d.r.c.RepositoryConfigurationDelegate : Bootstrapping Spring Data JPA repositories in DEFAULT mode.
2021-08-08 11:49:07.914  INFO 25016 --- [main] .s.d.r.c.RepositoryConfigurationDelegate : Finished Spring Data repository scanning in 39 ms. Found 2 JPA repository interfaces.
2021-08-08 11:49:08.281  INFO 25016 --- [main] o.s.b.w.embedded.tomcat.TomcatWebServer  : Tomcat initialized with port(s): 8080 (http)
2021-08-08 11:49:08.289  INFO 25016 --- [main] o.apache.catalina.core.StandardService   : Starting service [Tomcat]
2021-08-08 11:49:08.290  INFO 25016 --- [main] org.apache.catalina.core.StandardEngine  : Starting Servlet engine: [Apache Tomcat/9.0.50]
2021-08-08 11:49:08.371  INFO 25016 --- [main] o.a.c.c.C.[Tomcat].[localhost].[/]       : Initializing Spring embedded WebApplicationContext
2021-08-08 11:49:08.372  INFO 25016 --- [main] w.s.c.ServletWebServerApplicationContext : Root WebApplicationContext: initialization completed in 966 ms
2021-08-08 11:49:08.466  INFO 25016 --- [main] o.hibernate.jpa.internal.util.LogHelper  : HHH000204: Processing PersistenceUnitInfo [name: default]
2021-08-08 11:49:08.500  INFO 25016 --- [main] org.hibernate.Version                    : HHH000412: Hibernate ORM core version 5.4.32.Final
2021-08-08 11:49:08.582  INFO 25016 --- [main] o.hibernate.annotations.common.Version   : HCANN000001: Hibernate Commons Annotations {5.1.2.Final}
2021-08-08 11:49:08.650  INFO 25016 --- [main] com.zaxxer.hikari.HikariDataSource       : HikariPool-1 - Starting...
2021-08-08 11:49:08.891  INFO 25016 --- [main] com.zaxxer.hikari.HikariDataSource       : HikariPool-1 - Start completed.
2021-08-08 11:49:08.906  INFO 25016 --- [main] org.hibernate.dialect.Dialect            : HHH000400: Using dialect: org.hibernate.dialect.MySQL8Dialect
2021-08-08 11:49:09.340  INFO 25016 --- [main] o.h.e.t.j.p.i.JtaPlatformInitiator       : HHH000490: Using JtaPlatform implementation: [org.hibernate.engine.transaction.jta.platform.internal.NoJtaPlatform]
2021-08-08 11:49:09.348  INFO 25016 --- [main] j.LocalContainerEntityManagerFactoryBean : Initialized JPA EntityManagerFactory for persistence unit 'default'
2021-08-08 11:49:09.544  WARN 25016 --- [main] JpaBaseConfiguration$JpaWebConfiguration : spring.jpa.open-in-view is enabled by default. Therefore, database queries may be performed during view rendering. Explicitly configure spring.jpa.open-in-view to disable this warning
2021-08-08 11:49:09.791  INFO 25016 --- [main] o.s.b.w.embedded.tomcat.TomcatWebServer  : Tomcat started on port(s): 8080 (http) with context path ''
2021-08-08 11:49:09.800  INFO 25016 --- [main] c.l.s.SpringBootAdvancedApplication      : Started SpringBootAdvancedApplication in 2.728 seconds (JVM running for 3.181)
2021-08-08 11:49:14.954  INFO 25016 --- [http-nio-8080-exec-1] o.a.c.c.C.[Tomcat].[localhost].[/]       : Initializing Spring DispatcherServlet 'dispatcherServlet'
2021-08-08 11:49:14.955  INFO 25016 --- [http-nio-8080-exec-1] o.s.web.servlet.DispatcherServlet        : Initializing Servlet 'dispatcherServlet'
2021-08-08 11:49:14.956  INFO 25016 --- [http-nio-8080-exec-1] o.s.web.servlet.DispatcherServlet        : Completed initialization in 1 ms
2021-08-08 11:49:14.970 ERROR 25016 --- [http-nio-8080-exec-1] c.l.s.h.ControllerExceptionHandler       : Request URL: http://127.0.0.1:8080/exception , Exception: 測試異常處理
2021-08-08 11:53:06.892  INFO 25016 --- [SpringApplicationShutdownHook] j.LocalContainerEntityManagerFactoryBean : Closing JPA EntityManagerFactory for persistence unit 'default'
2021-08-08 11:53:06.894  INFO 25016 --- [SpringApplicationShutdownHook] com.zaxxer.hikari.HikariDataSource       : HikariPool-1 - Shutdown initiated...
2021-08-08 11:53:06.901  INFO 25016 --- [SpringApplicationShutdownHook] com.zaxxer.hikari.HikariDataSource       : HikariPool-1 - Shutdown completed.
2021-08-08 11:53:09.071  INFO 7684 --- [main] c.l.s.SpringBootAdvancedApplication      : Starting SpringBootAdvancedApplication using Java 14.0.1 on LeosPC with PID 7684 (C:\Users\hikar\git\springbootadvance\target\classes started by hikar in C:\Users\hikar\git\springbootadvance)
2021-08-08 11:53:09.073 DEBUG 7684 --- [main] c.l.s.SpringBootAdvancedApplication      : Running with Spring Boot v2.5.3, Spring v5.3.9
2021-08-08 11:53:09.073  INFO 7684 --- [main] c.l.s.SpringBootAdvancedApplication      : No active profile set, falling back to default profiles: default
2021-08-08 11:53:09.546  INFO 7684 --- [main] .s.d.r.c.RepositoryConfigurationDelegate : Bootstrapping Spring Data JPA repositories in DEFAULT mode.
2021-08-08 11:53:09.588  INFO 7684 --- [main] .s.d.r.c.RepositoryConfigurationDelegate : Finished Spring Data repository scanning in 36 ms. Found 2 JPA repository interfaces.
2021-08-08 11:53:09.930  INFO 7684 --- [main] o.s.b.w.embedded.tomcat.TomcatWebServer  : Tomcat initialized with port(s): 8080 (http)
2021-08-08 11:53:09.937  INFO 7684 --- [main] o.apache.catalina.core.StandardService   : Starting service [Tomcat]
2021-08-08 11:53:09.937  INFO 7684 --- [main] org.apache.catalina.core.StandardEngine  : Starting Servlet engine: [Apache Tomcat/9.0.50]
2021-08-08 11:53:10.015  INFO 7684 --- [main] o.a.c.c.C.[Tomcat].[localhost].[/]       : Initializing Spring embedded WebApplicationContext
2021-08-08 11:53:10.015  INFO 7684 --- [main] w.s.c.ServletWebServerApplicationContext : Root WebApplicationContext: initialization completed in 911 ms
2021-08-08 11:53:10.109  INFO 7684 --- [main] o.hibernate.jpa.internal.util.LogHelper  : HHH000204: Processing PersistenceUnitInfo [name: default]
2021-08-08 11:53:10.142  INFO 7684 --- [main] org.hibernate.Version                    : HHH000412: Hibernate ORM core version 5.4.32.Final
2021-08-08 11:53:10.222  INFO 7684 --- [main] o.hibernate.annotations.common.Version   : HCANN000001: Hibernate Commons Annotations {5.1.2.Final}
2021-08-08 11:53:10.295  INFO 7684 --- [main] com.zaxxer.hikari.HikariDataSource       : HikariPool-1 - Starting...
2021-08-08 11:53:10.522  INFO 7684 --- [main] com.zaxxer.hikari.HikariDataSource       : HikariPool-1 - Start completed.
2021-08-08 11:53:10.536  INFO 7684 --- [main] org.hibernate.dialect.Dialect            : HHH000400: Using dialect: org.hibernate.dialect.MySQL8Dialect
2021-08-08 11:53:10.952  INFO 7684 --- [main] o.h.e.t.j.p.i.JtaPlatformInitiator       : HHH000490: Using JtaPlatform implementation: [org.hibernate.engine.transaction.jta.platform.internal.NoJtaPlatform]
2021-08-08 11:53:10.958  INFO 7684 --- [main] j.LocalContainerEntityManagerFactoryBean : Initialized JPA EntityManagerFactory for persistence unit 'default'
2021-08-08 11:53:11.154  WARN 7684 --- [main] JpaBaseConfiguration$JpaWebConfiguration : spring.jpa.open-in-view is enabled by default. Therefore, database queries may be performed during view rendering. Explicitly configure spring.jpa.open-in-view to disable this warning
2021-08-08 11:53:11.404  INFO 7684 --- [main] o.s.b.w.embedded.tomcat.TomcatWebServer  : Tomcat started on port(s): 8080 (http) with context path ''
2021-08-08 11:53:11.413  INFO 7684 --- [main] c.l.s.SpringBootAdvancedApplication      : Started SpringBootAdvancedApplication in 2.651 seconds (JVM running for 3.244)
2021-08-08 11:53:15.679  INFO 7684 --- [http-nio-8080-exec-1] o.a.c.c.C.[Tomcat].[localhost].[/]       : Initializing Spring DispatcherServlet 'dispatcherServlet'
2021-08-08 11:53:15.679  INFO 7684 --- [http-nio-8080-exec-1] o.s.web.servlet.DispatcherServlet        : Initializing Servlet 'dispatcherServlet'
2021-08-08 11:53:15.680  INFO 7684 --- [http-nio-8080-exec-1] o.s.web.servlet.DispatcherServlet        : Completed initialization in 1 ms
2021-08-08 11:53:15.694 ERROR 7684 --- [http-nio-8080-exec-1] c.l.s.h.ControllerExceptionHandler       : Request URL: http://127.0.0.1:8080/exception , Exception: 測試異常處理
2021-08-08 11:53:41.673  INFO 7684 --- [SpringApplicationShutdownHook] j.LocalContainerEntityManagerFactoryBean : Closing JPA EntityManagerFactory for persistence unit 'default'
2021-08-08 11:53:41.675  INFO 7684 --- [SpringApplicationShutdownHook] com.zaxxer.hikari.HikariDataSource       : HikariPool-1 - Shutdown initiated...
2021-08-08 11:53:41.681  INFO 7684 --- [SpringApplicationShutdownHook] com.zaxxer.hikari.HikariDataSource       : HikariPool-1 - Shutdown completed.
2021-08-08 11:53:43.738  INFO 23696 --- [main] c.l.s.SpringBootAdvancedApplication      : Starting SpringBootAdvancedApplication using Java 14.0.1 on LeosPC with PID 23696 (C:\Users\hikar\git\springbootadvance\target\classes started by hikar in C:\Users\hikar\git\springbootadvance)
2021-08-08 11:53:43.740 DEBUG 23696 --- [main] c.l.s.SpringBootAdvancedApplication      : Running with Spring Boot v2.5.3, Spring v5.3.9
2021-08-08 11:53:43.740  INFO 23696 --- [main] c.l.s.SpringBootAdvancedApplication      : No active profile set, falling back to default profiles: default
2021-08-08 11:53:44.214  INFO 23696 --- [main] .s.d.r.c.RepositoryConfigurationDelegate : Bootstrapping Spring Data JPA repositories in DEFAULT mode.
2021-08-08 11:53:44.258  INFO 23696 --- [main] .s.d.r.c.RepositoryConfigurationDelegate : Finished Spring Data repository scanning in 37 ms. Found 2 JPA repository interfaces.
2021-08-08 11:53:44.603  INFO 23696 --- [main] o.s.b.w.embedded.tomcat.TomcatWebServer  : Tomcat initialized with port(s): 8080 (http)
2021-08-08 11:53:44.609  INFO 23696 --- [main] o.apache.catalina.core.StandardService   : Starting service [Tomcat]
2021-08-08 11:53:44.610  INFO 23696 --- [main] org.apache.catalina.core.StandardEngine  : Starting Servlet engine: [Apache Tomcat/9.0.50]
2021-08-08 11:53:44.690  INFO 23696 --- [main] o.a.c.c.C.[Tomcat].[localhost].[/]       : Initializing Spring embedded WebApplicationContext
2021-08-08 11:53:44.691  INFO 23696 --- [main] w.s.c.ServletWebServerApplicationContext : Root WebApplicationContext: initialization completed in 917 ms
2021-08-08 11:53:44.792  INFO 23696 --- [main] o.hibernate.jpa.internal.util.LogHelper  : HHH000204: Processing PersistenceUnitInfo [name: default]
2021-08-08 11:53:44.827  INFO 23696 --- [main] org.hibernate.Version                    : HHH000412: Hibernate ORM core version 5.4.32.Final
2021-08-08 11:53:44.909  INFO 23696 --- [main] o.hibernate.annotations.common.Version   : HCANN000001: Hibernate Commons Annotations {5.1.2.Final}
2021-08-08 11:53:44.980  INFO 23696 --- [main] com.zaxxer.hikari.HikariDataSource       : HikariPool-1 - Starting...
2021-08-08 11:53:45.216  INFO 23696 --- [main] com.zaxxer.hikari.HikariDataSource       : HikariPool-1 - Start completed.
2021-08-08 11:53:45.231  INFO 23696 --- [main] org.hibernate.dialect.Dialect            : HHH000400: Using dialect: org.hibernate.dialect.MySQL8Dialect
2021-08-08 11:53:45.662  INFO 23696 --- [main] o.h.e.t.j.p.i.JtaPlatformInitiator       : HHH000490: Using JtaPlatform implementation: [org.hibernate.engine.transaction.jta.platform.internal.NoJtaPlatform]
2021-08-08 11:53:45.669  INFO 23696 --- [main] j.LocalContainerEntityManagerFactoryBean : Initialized JPA EntityManagerFactory for persistence unit 'default'
2021-08-08 11:53:45.872  WARN 23696 --- [main] JpaBaseConfiguration$JpaWebConfiguration : spring.jpa.open-in-view is enabled by default. Therefore, database queries may be performed during view rendering. Explicitly configure spring.jpa.open-in-view to disable this warning
2021-08-08 11:53:46.122  INFO 23696 --- [main] o.s.b.w.embedded.tomcat.TomcatWebServer  : Tomcat started on port(s): 8080 (http) with context path ''
2021-08-08 11:53:46.131  INFO 23696 --- [main] c.l.s.SpringBootAdvancedApplication      : Started SpringBootAdvancedApplication in 2.697 seconds (JVM running for 3.154)
2021-08-08 11:53:48.130  INFO 23696 --- [http-nio-8080-exec-1] o.a.c.c.C.[Tomcat].[localhost].[/]       : Initializing Spring DispatcherServlet 'dispatcherServlet'
2021-08-08 11:53:48.130  INFO 23696 --- [http-nio-8080-exec-1] o.s.web.servlet.DispatcherServlet        : Initializing Servlet 'dispatcherServlet'
2021-08-08 11:53:48.131  INFO 23696 --- [http-nio-8080-exec-1] o.s.web.servlet.DispatcherServlet        : Completed initialization in 1 ms
2021-08-08 11:53:48.144 ERROR 23696 --- [http-nio-8080-exec-1] c.l.s.h.ControllerExceptionHandler       : Request URL: http://127.0.0.1:8080/exception , Exception: 測試異常處理
2021-08-08 11:56:03.814  INFO 23696 --- [SpringApplicationShutdownHook] j.LocalContainerEntityManagerFactoryBean : Closing JPA EntityManagerFactory for persistence unit 'default'
2021-08-08 11:56:03.816  INFO 23696 --- [SpringApplicationShutdownHook] com.zaxxer.hikari.HikariDataSource       : HikariPool-1 - Shutdown initiated...
2021-08-08 11:56:03.822  INFO 23696 --- [SpringApplicationShutdownHook] com.zaxxer.hikari.HikariDataSource       : HikariPool-1 - Shutdown completed.
2021-08-08 11:56:06.247  INFO 11168 --- [main] c.l.s.SpringBootAdvancedApplication      : Starting SpringBootAdvancedApplication using Java 14.0.1 on LeosPC with PID 11168 (C:\Users\hikar\git\springbootadvance\target\classes started by hikar in C:\Users\hikar\git\springbootadvance)
2021-08-08 11:56:06.250 DEBUG 11168 --- [main] c.l.s.SpringBootAdvancedApplication      : Running with Spring Boot v2.5.3, Spring v5.3.9
2021-08-08 11:56:06.250  INFO 11168 --- [main] c.l.s.SpringBootAdvancedApplication      : No active profile set, falling back to default profiles: default
2021-08-08 11:56:06.756  INFO 11168 --- [main] .s.d.r.c.RepositoryConfigurationDelegate : Bootstrapping Spring Data JPA repositories in DEFAULT mode.
2021-08-08 11:56:06.803  INFO 11168 --- [main] .s.d.r.c.RepositoryConfigurationDelegate : Finished Spring Data repository scanning in 40 ms. Found 2 JPA repository interfaces.
2021-08-08 11:56:07.167  INFO 11168 --- [main] o.s.b.w.embedded.tomcat.TomcatWebServer  : Tomcat initialized with port(s): 8080 (http)
2021-08-08 11:56:07.174  INFO 11168 --- [main] o.apache.catalina.core.StandardService   : Starting service [Tomcat]
2021-08-08 11:56:07.174  INFO 11168 --- [main] org.apache.catalina.core.StandardEngine  : Starting Servlet engine: [Apache Tomcat/9.0.50]
2021-08-08 11:56:07.257  INFO 11168 --- [main] o.a.c.c.C.[Tomcat].[localhost].[/]       : Initializing Spring embedded WebApplicationContext
2021-08-08 11:56:07.258  INFO 11168 --- [main] w.s.c.ServletWebServerApplicationContext : Root WebApplicationContext: initialization completed in 969 ms
2021-08-08 11:56:07.352  INFO 11168 --- [main] o.hibernate.jpa.internal.util.LogHelper  : HHH000204: Processing PersistenceUnitInfo [name: default]
2021-08-08 11:56:07.387  INFO 11168 --- [main] org.hibernate.Version                    : HHH000412: Hibernate ORM core version 5.4.32.Final
2021-08-08 11:56:07.470  INFO 11168 --- [main] o.hibernate.annotations.common.Version   : HCANN000001: Hibernate Commons Annotations {5.1.2.Final}
2021-08-08 11:56:07.542  INFO 11168 --- [main] com.zaxxer.hikari.HikariDataSource       : HikariPool-1 - Starting...
2021-08-08 11:56:07.773  INFO 11168 --- [main] com.zaxxer.hikari.HikariDataSource       : HikariPool-1 - Start completed.
2021-08-08 11:56:07.787  INFO 11168 --- [main] org.hibernate.dialect.Dialect            : HHH000400: Using dialect: org.hibernate.dialect.MySQL8Dialect
2021-08-08 11:56:08.261  INFO 11168 --- [main] o.h.e.t.j.p.i.JtaPlatformInitiator       : HHH000490: Using JtaPlatform implementation: [org.hibernate.engine.transaction.jta.platform.internal.NoJtaPlatform]
2021-08-08 11:56:08.269  INFO 11168 --- [main] j.LocalContainerEntityManagerFactoryBean : Initialized JPA EntityManagerFactory for persistence unit 'default'
2021-08-08 11:56:08.491  WARN 11168 --- [main] JpaBaseConfiguration$JpaWebConfiguration : spring.jpa.open-in-view is enabled by default. Therefore, database queries may be performed during view rendering. Explicitly configure spring.jpa.open-in-view to disable this warning
2021-08-08 11:56:08.759  INFO 11168 --- [main] o.s.b.w.embedded.tomcat.TomcatWebServer  : Tomcat started on port(s): 8080 (http) with context path ''
2021-08-08 11:56:08.768  INFO 11168 --- [main] c.l.s.SpringBootAdvancedApplication      : Started SpringBootAdvancedApplication in 2.903 seconds (JVM running for 3.407)
2021-08-08 11:56:10.953  INFO 11168 --- [http-nio-8080-exec-1] o.a.c.c.C.[Tomcat].[localhost].[/]       : Initializing Spring DispatcherServlet 'dispatcherServlet'
2021-08-08 11:56:10.953  INFO 11168 --- [http-nio-8080-exec-1] o.s.web.servlet.DispatcherServlet        : Initializing Servlet 'dispatcherServlet'
2021-08-08 11:56:10.954  INFO 11168 --- [http-nio-8080-exec-1] o.s.web.servlet.DispatcherServlet        : Completed initialization in 1 ms
2021-08-08 11:56:10.968 ERROR 11168 --- [http-nio-8080-exec-1] c.l.s.h.ControllerExceptionHandler       : Request URL: http://127.0.0.1:8080/exception , Exception: 測試異常處理
2021-08-08 11:56:13.737 ERROR 11168 --- [http-nio-8080-exec-2] c.l.s.h.ControllerExceptionHandler       : Request URL: http://127.0.0.1:8080/exception , Exception: 測試異常處理
2021-08-08 11:56:28.199  INFO 11168 --- [SpringApplicationShutdownHook] j.LocalContainerEntityManagerFactoryBean : Closing JPA EntityManagerFactory for persistence unit 'default'
2021-08-08 11:56:28.200  INFO 11168 --- [SpringApplicationShutdownHook] com.zaxxer.hikari.HikariDataSource       : HikariPool-1 - Shutdown initiated...
2021-08-08 11:56:28.207  INFO 11168 --- [SpringApplicationShutdownHook] com.zaxxer.hikari.HikariDataSource       : HikariPool-1 - Shutdown completed.
2021-08-08 11:56:30.360  INFO 18552 --- [main] c.l.s.SpringBootAdvancedApplication      : Starting SpringBootAdvancedApplication using Java 14.0.1 on LeosPC with PID 18552 (C:\Users\hikar\git\springbootadvance\target\classes started by hikar in C:\Users\hikar\git\springbootadvance)
2021-08-08 11:56:30.362 DEBUG 18552 --- [main] c.l.s.SpringBootAdvancedApplication      : Running with Spring Boot v2.5.3, Spring v5.3.9
2021-08-08 11:56:30.362  INFO 18552 --- [main] c.l.s.SpringBootAdvancedApplication      : No active profile set, falling back to default profiles: default
2021-08-08 11:56:30.842  INFO 18552 --- [main] .s.d.r.c.RepositoryConfigurationDelegate : Bootstrapping Spring Data JPA repositories in DEFAULT mode.
2021-08-08 11:56:30.884  INFO 18552 --- [main] .s.d.r.c.RepositoryConfigurationDelegate : Finished Spring Data repository scanning in 36 ms. Found 2 JPA repository interfaces.
2021-08-08 11:56:31.228  INFO 18552 --- [main] o.s.b.w.embedded.tomcat.TomcatWebServer  : Tomcat initialized with port(s): 8080 (http)
2021-08-08 11:56:31.235  INFO 18552 --- [main] o.apache.catalina.core.StandardService   : Starting service [Tomcat]
2021-08-08 11:56:31.235  INFO 18552 --- [main] org.apache.catalina.core.StandardEngine  : Starting Servlet engine: [Apache Tomcat/9.0.50]
2021-08-08 11:56:31.321  INFO 18552 --- [main] o.a.c.c.C.[Tomcat].[localhost].[/]       : Initializing Spring embedded WebApplicationContext
2021-08-08 11:56:31.321  INFO 18552 --- [main] w.s.c.ServletWebServerApplicationContext : Root WebApplicationContext: initialization completed in 926 ms
2021-08-08 11:56:31.416  INFO 18552 --- [main] o.hibernate.jpa.internal.util.LogHelper  : HHH000204: Processing PersistenceUnitInfo [name: default]
2021-08-08 11:56:31.450  INFO 18552 --- [main] org.hibernate.Version                    : HHH000412: Hibernate ORM core version 5.4.32.Final
2021-08-08 11:56:31.529  INFO 18552 --- [main] o.hibernate.annotations.common.Version   : HCANN000001: Hibernate Commons Annotations {5.1.2.Final}
2021-08-08 11:56:31.601  INFO 18552 --- [main] com.zaxxer.hikari.HikariDataSource       : HikariPool-1 - Starting...
2021-08-08 11:56:31.862  INFO 18552 --- [main] com.zaxxer.hikari.HikariDataSource       : HikariPool-1 - Start completed.
2021-08-08 11:56:31.878  INFO 18552 --- [main] org.hibernate.dialect.Dialect            : HHH000400: Using dialect: org.hibernate.dialect.MySQL8Dialect
2021-08-08 11:56:32.310  INFO 18552 --- [main] o.h.e.t.j.p.i.JtaPlatformInitiator       : HHH000490: Using JtaPlatform implementation: [org.hibernate.engine.transaction.jta.platform.internal.NoJtaPlatform]
2021-08-08 11:56:32.317  INFO 18552 --- [main] j.LocalContainerEntityManagerFactoryBean : Initialized JPA EntityManagerFactory for persistence unit 'default'
2021-08-08 11:56:32.531  WARN 18552 --- [main] JpaBaseConfiguration$JpaWebConfiguration : spring.jpa.open-in-view is enabled by default. Therefore, database queries may be performed during view rendering. Explicitly configure spring.jpa.open-in-view to disable this warning
2021-08-08 11:56:32.780  INFO 18552 --- [main] o.s.b.w.embedded.tomcat.TomcatWebServer  : Tomcat started on port(s): 8080 (http) with context path ''
2021-08-08 11:56:32.789  INFO 18552 --- [main] c.l.s.SpringBootAdvancedApplication      : Started SpringBootAdvancedApplication in 2.733 seconds (JVM running for 3.271)
2021-08-08 11:56:34.529  INFO 18552 --- [http-nio-8080-exec-1] o.a.c.c.C.[Tomcat].[localhost].[/]       : Initializing Spring DispatcherServlet 'dispatcherServlet'
2021-08-08 11:56:34.530  INFO 18552 --- [http-nio-8080-exec-1] o.s.web.servlet.DispatcherServlet        : Initializing Servlet 'dispatcherServlet'
2021-08-08 11:56:34.530  INFO 18552 --- [http-nio-8080-exec-1] o.s.web.servlet.DispatcherServlet        : Completed initialization in 0 ms
2021-08-08 11:56:34.543 ERROR 18552 --- [http-nio-8080-exec-1] c.l.s.h.ControllerExceptionHandler       : Request URL: http://127.0.0.1:8080/exception , Exception: 測試異常處理
2021-08-08 11:56:37.805 ERROR 18552 --- [http-nio-8080-exec-2] c.l.s.h.ControllerExceptionHandler       : Request URL: http://127.0.0.1:8080/exception , Exception: 測試異常處理
2021-08-08 11:56:58.224  INFO 18552 --- [SpringApplicationShutdownHook] j.LocalContainerEntityManagerFactoryBean : Closing JPA EntityManagerFactory for persistence unit 'default'
2021-08-08 11:56:58.226  INFO 18552 --- [SpringApplicationShutdownHook] com.zaxxer.hikari.HikariDataSource       : HikariPool-1 - Shutdown initiated...
2021-08-08 11:56:58.233  INFO 18552 --- [SpringApplicationShutdownHook] com.zaxxer.hikari.HikariDataSource       : HikariPool-1 - Shutdown completed.
2021-08-08 11:57:00.293  INFO 10684 --- [main] c.l.s.SpringBootAdvancedApplication      : Starting SpringBootAdvancedApplication using Java 14.0.1 on LeosPC with PID 10684 (C:\Users\hikar\git\springbootadvance\target\classes started by hikar in C:\Users\hikar\git\springbootadvance)
2021-08-08 11:57:00.295 DEBUG 10684 --- [main] c.l.s.SpringBootAdvancedApplication      : Running with Spring Boot v2.5.3, Spring v5.3.9
2021-08-08 11:57:00.295  INFO 10684 --- [main] c.l.s.SpringBootAdvancedApplication      : No active profile set, falling back to default profiles: default
2021-08-08 11:57:00.795  INFO 10684 --- [main] .s.d.r.c.RepositoryConfigurationDelegate : Bootstrapping Spring Data JPA repositories in DEFAULT mode.
2021-08-08 11:57:00.837  INFO 10684 --- [main] .s.d.r.c.RepositoryConfigurationDelegate : Finished Spring Data repository scanning in 36 ms. Found 2 JPA repository interfaces.
2021-08-08 11:57:01.174  INFO 10684 --- [main] o.s.b.w.embedded.tomcat.TomcatWebServer  : Tomcat initialized with port(s): 8080 (http)
2021-08-08 11:57:01.180  INFO 10684 --- [main] o.apache.catalina.core.StandardService   : Starting service [Tomcat]
2021-08-08 11:57:01.180  INFO 10684 --- [main] org.apache.catalina.core.StandardEngine  : Starting Servlet engine: [Apache Tomcat/9.0.50]
2021-08-08 11:57:01.260  INFO 10684 --- [main] o.a.c.c.C.[Tomcat].[localhost].[/]       : Initializing Spring embedded WebApplicationContext
2021-08-08 11:57:01.260  INFO 10684 --- [main] w.s.c.ServletWebServerApplicationContext : Root WebApplicationContext: initialization completed in 929 ms
2021-08-08 11:57:01.355  INFO 10684 --- [main] o.hibernate.jpa.internal.util.LogHelper  : HHH000204: Processing PersistenceUnitInfo [name: default]
2021-08-08 11:57:01.387  INFO 10684 --- [main] org.hibernate.Version                    : HHH000412: Hibernate ORM core version 5.4.32.Final
2021-08-08 11:57:01.470  INFO 10684 --- [main] o.hibernate.annotations.common.Version   : HCANN000001: Hibernate Commons Annotations {5.1.2.Final}
2021-08-08 11:57:01.540  INFO 10684 --- [main] com.zaxxer.hikari.HikariDataSource       : HikariPool-1 - Starting...
2021-08-08 11:57:01.765  INFO 10684 --- [main] com.zaxxer.hikari.HikariDataSource       : HikariPool-1 - Start completed.
2021-08-08 11:57:01.781  INFO 10684 --- [main] org.hibernate.dialect.Dialect            : HHH000400: Using dialect: org.hibernate.dialect.MySQL8Dialect
2021-08-08 11:57:02.204  INFO 10684 --- [main] o.h.e.t.j.p.i.JtaPlatformInitiator       : HHH000490: Using JtaPlatform implementation: [org.hibernate.engine.transaction.jta.platform.internal.NoJtaPlatform]
2021-08-08 11:57:02.210  INFO 10684 --- [main] j.LocalContainerEntityManagerFactoryBean : Initialized JPA EntityManagerFactory for persistence unit 'default'
2021-08-08 11:57:02.411  WARN 10684 --- [main] JpaBaseConfiguration$JpaWebConfiguration : spring.jpa.open-in-view is enabled by default. Therefore, database queries may be performed during view rendering. Explicitly configure spring.jpa.open-in-view to disable this warning
2021-08-08 11:57:02.649  INFO 10684 --- [main] o.s.b.w.embedded.tomcat.TomcatWebServer  : Tomcat started on port(s): 8080 (http) with context path ''
2021-08-08 11:57:02.657  INFO 10684 --- [main] c.l.s.SpringBootAdvancedApplication      : Started SpringBootAdvancedApplication in 2.68 seconds (JVM running for 3.135)
2021-08-08 11:57:06.056  INFO 10684 --- [http-nio-8080-exec-1] o.a.c.c.C.[Tomcat].[localhost].[/]       : Initializing Spring DispatcherServlet 'dispatcherServlet'
2021-08-08 11:57:06.056  INFO 10684 --- [http-nio-8080-exec-1] o.s.web.servlet.DispatcherServlet        : Initializing Servlet 'dispatcherServlet'
2021-08-08 11:57:06.057  INFO 10684 --- [http-nio-8080-exec-1] o.s.web.servlet.DispatcherServlet        : Completed initialization in 1 ms
2021-08-08 11:57:06.070 ERROR 10684 --- [http-nio-8080-exec-1] c.l.s.h.ControllerExceptionHandler       : Request URL: http://127.0.0.1:8080/exception , Exception: 測試異常處理
2021-08-08 13:13:15.054 ERROR 10684 --- [http-nio-8080-exec-3] c.l.s.h.ControllerExceptionHandler       : Request URL: http://127.0.0.1:8080/exception , Exception: 測試異常處理
2021-08-08 15:23:05.530  INFO 10684 --- [SpringApplicationShutdownHook] j.LocalContainerEntityManagerFactoryBean : Closing JPA EntityManagerFactory for persistence unit 'default'
2021-08-08 15:23:05.542  INFO 10684 --- [SpringApplicationShutdownHook] com.zaxxer.hikari.HikariDataSource       : HikariPool-1 - Shutdown initiated...
2021-08-08 15:23:05.546  INFO 10684 --- [SpringApplicationShutdownHook] com.zaxxer.hikari.HikariDataSource       : HikariPool-1 - Shutdown completed.
